app/build/outputs/logs/manifest-merger-debug-report.txt
-- Merging decision tree log ---
manifest
ADDED from src/main/AndroidManifest.xml:17:1-35:12
INJECTED from src/main/AndroidManifest.xml:17:1-35:12
INJECTED from src/main/AndroidManifest.xml:17:1-35:12
INJECTED from src/main/AndroidManifest.xml:17:1-35:12
INJECTED from src/main/AndroidManifest.xml:17:1-35:12
INJECTED from src/main/AndroidManifest.xml:17:1-35:12
INJECTED from src/main/AndroidManifest.xml:17:1-35:12
	package
		ADDED from src/main/AndroidManifest.xml:18:5-49
		INJECTED from src/main/AndroidManifest.xml
		INJECTED from src/main/AndroidManifest.xml
	android:versionName
		ADDED from src/main/AndroidManifest.xml:19:29-54
		INJECTED from src/main/AndroidManifest.xml
		INJECTED from src/main/AndroidManifest.xml
	xmlns:android
		ADDED from src/main/AndroidManifest.xml:17:11-69
	android:versionCode
		ADDED from src/main/AndroidManifest.xml:19:5-28
		INJECTED from src/main/AndroidManifest.xml
		INJECTED from src/main/AndroidManifest.xml
application
ADDED from src/main/AndroidManifest.xml:20:5-30:19
	android:label
		ADDED from src/main/AndroidManifest.xml:20:18-50
	android:icon
		ADDED from src/main/AndroidManifest.xml:20:51-80
activity#com.example.android.contactmanager.ContactManager
ADDED from src/main/AndroidManifest.xml:21:9-26:20
	android:label
		ADDED from src/main/AndroidManifest.xml:21:50-82
	android:name
		ADDED from src/main/AndroidManifest.xml:21:19-49
intent-filter#android.intent.action.MAIN+android.intent.category.LAUNCHER
ADDED from src/main/AndroidManifest.xml:22:13-25:29
action#android.intent.action.MAIN
ADDED from src/main/AndroidManifest.xml:23:17-69
	android:name
		ADDED from src/main/AndroidManifest.xml:23:25-66
category#android.intent.category.LAUNCHER
ADDED from src/main/AndroidManifest.xml:24:17-77
	android:name
		ADDED from src/main/AndroidManifest.xml:24:27-74
activity#com.example.android.contactmanager.ContactAdder
ADDED from src/main/AndroidManifest.xml:27:9-28:20
	android:label
		ADDED from src/main/AndroidManifest.xml:27:47-86
	android:name
		ADDED from src/main/AndroidManifest.xml:27:19-46
uses-sdk
ADDED from src/main/AndroidManifest.xml:31:5-72
INJECTED from src/main/AndroidManifest.xml:31:5-72
INJECTED from src/main/AndroidManifest.xml:31:5-72
INJECTED from src/main/AndroidManifest.xml:31:5-72
INJECTED from src/main/AndroidManifest.xml:31:5-72
	android:targetSdkVersion
		ADDED from src/main/AndroidManifest.xml:31:41-69
		INJECTED from src/main/AndroidManifest.xml
		INJECTED from src/main/AndroidManifest.xml
	android:minSdkVersion
		ADDED from src/main/AndroidManifest.xml:31:15-40
		INJECTED from src/main/AndroidManifest.xml
		INJECTED from src/main/AndroidManifest.xml
uses-permission#android.permission.GET_ACCOUNTS
ADDED from src/main/AndroidManifest.xml:32:5-71
	android:name
		ADDED from src/main/AndroidManifest.xml:32:22-68
uses-permission#android.permission.READ_CONTACTS
ADDED from src/main/AndroidManifest.xml:33:5-72
	android:name
		ADDED from src/main/AndroidManifest.xml:33:22-69
uses-permission#android.permission.WRITE_CONTACTS
ADDED from src/main/AndroidManifest.xml:34:5-73
	android:name
		ADDED from src/main/AndroidManifest.xml:34:22-70